<?xml version="1.0" encoding="UTF-8"?>
<testsuite xmlns:xsi="http://www.w3.org/2001/XMLSchema-instance" xsi:noNamespaceSchemaLocation="https://maven.apache.org/surefire/maven-surefire-plugin/xsd/surefire-test-report-3.0.xsd" version="3.0" name="runner.ReservaRun" time="0.148" tests="1" errors="0" skipped="0" failures="1">
  <properties>
[...]
</properties>
  <testcase name="Localidade válida Contagem" classname="validar area de cobertura" time="0.08">
    <failure message="expected:&lt;[Motorista a caminho]&gt; but was:&lt;[Area fora de cobertura]&gt;" type="org.junit.ComparisonFailure"><![CDATA[org.junit.ComparisonFailure: expected:<[Motorista a caminho]> but was:<[Area fora de cobertura]>
	at runner.steps.ReservaSteps.o_sistema_deve_mostrar_a_mensagem(ReservaSteps.java:39)
	at ✽.o sistema deve mostrar a mensagem "Motorista a caminho"(file:///C:/Users/VINICIUS/Documents/NetBeansProjects/TddBdd/src/test/resources/features/Reserva.feature:9)
]]></failure>
    <system-out><![CDATA[=== Step foi executado ===
]]></system-out>
  </testcase>
</testsuite>